This file contains any messages produced by compilers while
running configure, to aid debugging if configure makes a mistake.

It was created by BamDeal configure 0.20, which was
generated by GNU Autoconf 2.69.  Invocation command line was

  $ ./configure 

## --------- ##
## Platform. ##
## --------- ##

hostname = hk-login-38-4.hk.hpc
uname -m = x86_64
uname -r = 2.6.32-696.el6.x86_64
uname -s = Linux
uname -v = #1 SMP Tue Mar 21 19:29:05 UTC 2017

/usr/bin/uname -p = unknown
/bin/uname -X     = unknown

/bin/arch              = x86_64
/usr/bin/arch -k       = unknown
/usr/convex/getsysinfo = unknown
/usr/bin/hostinfo      = unknown
/bin/machine           = unknown
/usr/bin/oslevel       = unknown
/bin/universe          = unknown

PATH: /ifshk4/BC_PUB/biosoft/newblc/04.UsrHgcc/bin
PATH: /ifshk4/BC_PUB/biosoft/newblc/01.Usr/bin
PATH: /ifshk7/BC_PAP/PROJECT/F13HPCAPKF0126_LEGvaoR/bin/RAD_NPGT/bin/
PATH: /opt/openmpi/bin
PATH: /usr/lib64/qt-3.3/bin
PATH: /usr/local/bin
PATH: /bin
PATH: /usr/bin
PATH: /usr/local/sbin
PATH: /usr/sbin
PATH: /sbin
PATH: /opt/bio/ncbi/bin
PATH: /opt/bio/mpiblast/bin
PATH: /opt/bio/EMBOSS/bin
PATH: /opt/bio/clustalw/bin
PATH: /opt/bio/tcoffee/bin
PATH: /opt/bio/hmmer/bin
PATH: /opt/bio/phylip/exe
PATH: /opt/bio/mrbayes
PATH: /opt/bio/fasta
PATH: /opt/bio/glimmer/bin
PATH: /opt/bio/glimmer/scripts
PATH: /opt/bio/gromacs/bin
PATH: /opt/bio/gmap/bin
PATH: /opt/bio/tigr/bin
PATH: /opt/bio/autodocksuite/bin
PATH: /opt/bio/wgs/bin
PATH: /opt/ganglia/bin
PATH: /opt/ganglia/sbin
PATH: /usr/java/latest/bin
PATH: /opt/pdsh/bin
PATH: /opt/rocks/bin
PATH: /opt/rocks/sbin
PATH: /opt/condor/bin
PATH: /opt/condor/sbin
PATH: /opt/gridengine/bin/linux-x64
PATH: /home/heweiming/bin
PATH: /ifshk7/BC_PAP/PROJECT/F13HPCAPKF0126_LEGvaoR/bin/RAD_NPGT/bin/


## ----------- ##
## Core tests. ##
## ----------- ##

configure:2413: checking for a BSD-compatible install
configure:2481: result: /usr/bin/install -c
configure:2492: checking whether build environment is sane

## ---------------- ##
## Cache variables. ##
## ---------------- ##

ac_cv_env_CCC_set=
ac_cv_env_CCC_value=
ac_cv_env_CC_set=
ac_cv_env_CC_value=
ac_cv_env_CFLAGS_set=set
ac_cv_env_CFLAGS_value=-I/ifshk4/BC_PUB/biosoft/newblc/04.UsrHgcc/include
ac_cv_env_CPPFLAGS_set=
ac_cv_env_CPPFLAGS_value=
ac_cv_env_CPP_set=
ac_cv_env_CPP_value=
ac_cv_env_CXXFLAGS_set=
ac_cv_env_CXXFLAGS_value=
ac_cv_env_CXX_set=
ac_cv_env_CXX_value=
ac_cv_env_LDFLAGS_set=set
ac_cv_env_LDFLAGS_value=-L/ifshk4/BC_PUB/biosoft/newblc/04.UsrHgcc/lib
ac_cv_env_LIBS_set=
ac_cv_env_LIBS_value=
ac_cv_env_build_alias_set=
ac_cv_env_build_alias_value=
ac_cv_env_host_alias_set=
ac_cv_env_host_alias_value=
ac_cv_env_target_alias_set=
ac_cv_env_target_alias_value=
ac_cv_path_install='/usr/bin/install -c'

## ----------------- ##
## Output variables. ##
## ----------------- ##

ACLOCAL=''
AMDEPBACKSLASH=''
AMDEP_FALSE=''
AMDEP_TRUE=''
AMTAR=''
AUTOCONF=''
AUTOHEADER=''
AUTOMAKE=''
AWK=''
CC=''
CCDEPMODE=''
CFLAGS='-I/ifshk4/BC_PUB/biosoft/newblc/04.UsrHgcc/include'
CPP=''
CPPFLAGS=''
CXX=''
CXXDEPMODE=''
CXXFLAGS=''
CYGPATH_W=''
DEFS=''
DEPDIR=''
ECHO_C=''
ECHO_N='-n'
ECHO_T=''
EGREP=''
EXEEXT=''
GREP=''
INSTALL_DATA='${INSTALL} -m 644'
INSTALL_PROGRAM='${INSTALL}'
INSTALL_SCRIPT='${INSTALL}'
INSTALL_STRIP_PROGRAM=''
LDFLAGS='-L/ifshk4/BC_PUB/biosoft/newblc/04.UsrHgcc/lib'
LIBOBJS=''
LIBS=''
LN_S=''
LTLIBOBJS=''
MAKEINFO=''
MKDIR_P=''
OBJEXT=''
PACKAGE=''
PACKAGE_BUGREPORT='hewm2008@qq.com'
PACKAGE_NAME='BamDeal'
PACKAGE_STRING='BamDeal 0.20'
PACKAGE_TARNAME='bamdeal'
PACKAGE_URL=''
PACKAGE_VERSION='0.20'
PATH_SEPARATOR=':'
RANLIB=''
SET_MAKE=''
SHELL='/bin/sh'
STRIP=''
VERSION=''
ac_ct_CC=''
ac_ct_CXX=''
am__EXEEXT_FALSE=''
am__EXEEXT_TRUE=''
am__fastdepCC_FALSE=''
am__fastdepCC_TRUE=''
am__fastdepCXX_FALSE=''
am__fastdepCXX_TRUE=''
am__include=''
am__isrc=''
am__leading_dot=''
am__quote=''
am__tar=''
am__untar=''
bindir='${exec_prefix}/bin'
build_alias=''
datadir='${datarootdir}'
datarootdir='${prefix}/share'
docdir='${datarootdir}/doc/${PACKAGE_TARNAME}'
dvidir='${docdir}'
exec_prefix='NONE'
host_alias=''
htmldir='${docdir}'
includedir='${prefix}/include'
infodir='${datarootdir}/info'
install_sh=''
libdir='${exec_prefix}/lib'
libexecdir='${exec_prefix}/libexec'
localedir='${datarootdir}/locale'
localstatedir='${prefix}/var'
mandir='${datarootdir}/man'
mkdir_p=''
oldincludedir='/usr/include'
pdfdir='${docdir}'
prefix='NONE'
program_transform_name='s,x,x,'
psdir='${docdir}'
sbindir='${exec_prefix}/sbin'
sharedstatedir='${prefix}/com'
sysconfdir='${prefix}/etc'
target_alias=''

## ----------- ##
## confdefs.h. ##
## ----------- ##

/* confdefs.h */
#define PACKAGE_NAME "BamDeal"
#define PACKAGE_TARNAME "bamdeal"
#define PACKAGE_VERSION "0.20"
#define PACKAGE_STRING "BamDeal 0.20"
#define PACKAGE_BUGREPORT "hewm2008@qq.com"
#define PACKAGE_URL ""

configure: caught signal 2
configure: exit 1
